[2025-11-13 23:14:29,225: INFO: common: yaml file: config\config.yaml loaded successfully]
[2025-11-13 23:14:29,228: INFO: common: yaml file: params.yaml loaded successfully]
[2025-11-13 23:22:28,000: INFO: common: yaml file: config\config.yaml loaded successfully]
[2025-11-13 23:22:28,023: INFO: common: yaml file: params.yaml loaded successfully]
[2025-11-13 23:22:28,026: INFO: common: created directory at: artifacts]
[2025-11-13 23:22:28,028: INFO: common: created directory at: artifacts/data_ingestion]
[2025-11-13 23:25:01,223: INFO: common: yaml file: config\config.yaml loaded successfully]
[2025-11-13 23:25:01,225: INFO: common: yaml file: params.yaml loaded successfully]
[2025-11-13 23:25:01,226: INFO: common: created directory at: artifacts]
[2025-11-13 23:25:01,227: INFO: common: created directory at: artifacts/data_ingestion]
[2025-11-13 23:25:02,787: INFO: 1434958058: artifacts/data_ingestion/data.zip download! with following info: 
Connection: close
Content-Length: 8377572
Cache-Control: max-age=300
Content-Security-Policy: default-src 'none'; style-src 'unsafe-inline'; sandbox
Content-Type: application/zip
ETag: "3aea79eaa36efc9339c42d3a61413f75f62f7e5676002d7473efbe842605ace6"
Strict-Transport-Security: max-age=31536000
X-Content-Type-Options: nosniff
X-Frame-Options: deny
X-XSS-Protection: 1; mode=block
X-GitHub-Request-Id: 0EB8:19747D:337512:77DD11:69161ADC
Accept-Ranges: bytes
Date: Thu, 13 Nov 2025 17:55:01 GMT
Via: 1.1 varnish
X-Served-By: cache-maa10224-MAA
X-Cache: HIT
X-Cache-Hits: 0
X-Timer: S1763056502.632093,VS0,VE1
Vary: Authorization,Accept-Encoding
Access-Control-Allow-Origin: *
Cross-Origin-Resource-Policy: cross-origin
X-Fastly-Request-ID: 9122790e6e71174694f636da799a1eefc8c27ffa
Expires: Thu, 13 Nov 2025 18:00:01 GMT
Source-Age: 153

]
